[09:09:58] [main/INFO]: Setting user: Player599
[09:10:00] [Client thread/INFO]: LWJGL Version: 2.9.1
[09:10:10] [Client thread/INFO]: Reloading ResourceManager: Default, FMLFileResourcePack:Forge Mod Loader, FMLFileResourcePack:Minecraft Forge, FMLFileResourcePack:Atlantis
[09:10:12] [Sound Library Loader/INFO]: Sound engine started
[09:10:16] [Client thread/INFO]: Created: 512x256 textures/blocks-atlas
[09:10:16] [Client thread/INFO]: Created: 256x256 textures/items-atlas
[09:10:17] [Client thread/INFO]: Reloading ResourceManager: Default, FMLFileResourcePack:Forge Mod Loader, FMLFileResourcePack:Minecraft Forge, FMLFileResourcePack:Atlantis
[09:10:17] [Client thread/INFO]: Created: 256x256 textures/items-atlas
[09:10:17] [Client thread/INFO]: Created: 512x256 textures/blocks-atlas
[09:10:18] [Sound Library Loader/INFO]: Sound engine started
[09:10:29] [Client thread/INFO]: Deleting level New World
[09:10:29] [Client thread/INFO]: Attempt 1...
[09:10:35] [Server thread/INFO]: Starting integrated minecraft server version 1.7.10
[09:10:35] [Server thread/INFO]: Generating keypair
[09:10:35] [Server thread/INFO]: Converting map!
[09:10:35] [Server thread/INFO]: Scanning folders...
[09:10:35] [Server thread/INFO]: Total conversion count is 0
[09:10:37] [Server thread/WARN]: Unable to find spawn biome
[09:10:50] [Server thread/INFO]: Preparing start region for level 0
[09:10:51] [Server thread/INFO]: Preparing spawn area: 8%
[09:10:52] [Server thread/INFO]: Preparing spawn area: 19%
[09:10:53] [Server thread/INFO]: Preparing spawn area: 28%
[09:10:54] [Server thread/INFO]: Preparing spawn area: 39%
[09:10:55] [Server thread/INFO]: Preparing spawn area: 50%
[09:10:56] [Server thread/INFO]: Preparing spawn area: 60%
[09:10:57] [Server thread/INFO]: Preparing spawn area: 71%
[09:10:58] [Server thread/INFO]: Preparing spawn area: 81%
[09:10:59] [Server thread/INFO]: Preparing spawn area: 93%
[09:11:00] [Server thread/INFO]: Changing view distance to 2, from 10
[09:11:00] [Server thread/INFO]: Player599[local:E:0c9024d1] logged in with entity id 131 at (97.5, 70.0, 253.5)
[09:11:00] [Server thread/INFO]: Player599 joined the game
[09:11:02] [Server thread/WARN]: Can't keep up! Did the system time change, or is the server overloaded? Running 2249ms behind, skipping 44 tick(s)
[09:11:06] [Server thread/INFO]: Player599 has just earned the achievement [Taking Inventory]
[09:11:06] [Client thread/INFO]: [CHAT] Player599 has just earned the achievement [Taking Inventory]
[09:11:10] [Server thread/INFO]: Saving and pausing game...
[09:11:10] [Server thread/INFO]: Saving chunks for level 'New World'/Overworld
[09:11:11] [Server thread/INFO]: Saving chunks for level 'New World'/Nether
[09:11:11] [Server thread/INFO]: Saving chunks for level 'New World'/The End
[09:11:11] [Server thread/INFO]: Saving chunks for level 'New World'/The Deep
[09:11:11] [Server thread/INFO]: Saving chunks for level 'New World'/Atlantis
[09:11:35] [Server thread/WARN]: Can't keep up! Did the system time change, or is the server overloaded? Running 4160ms behind, skipping 83 tick(s)
[09:11:35] [Server thread/INFO]: Saving and pausing game...
[09:11:35] [Server thread/INFO]: Saving chunks for level 'New World'/Overworld
[09:11:35] [Server thread/INFO]: Saving chunks for level 'New World'/Nether
[09:11:35] [Server thread/INFO]: Saving chunks for level 'New World'/The End
[09:11:35] [Server thread/INFO]: Saving chunks for level 'New World'/Atlantis
[09:12:35] [Server thread/INFO]: Saving and pausing game...
[09:12:35] [Server thread/INFO]: Saving chunks for level 'New World'/Overworld
[09:12:35] [Server thread/INFO]: Saving chunks for level 'New World'/Nether
[09:12:35] [Server thread/INFO]: Saving chunks for level 'New World'/The End
[09:12:35] [Server thread/INFO]: Saving chunks for level 'New World'/Atlantis
[09:12:38] [Server thread/INFO]: Stopping server
[09:12:38] [Server thread/INFO]: Saving players
[09:12:38] [Server thread/INFO]: Saving worlds
[09:12:38] [Server thread/INFO]: Saving chunks for level 'New World'/Overworld
[09:12:38] [Server thread/INFO]: Saving chunks for level 'New World'/Nether
[09:12:38] [Server thread/INFO]: Saving chunks for level 'New World'/The End
[09:12:38] [Server thread/INFO]: Saving chunks for level 'New World'/Atlantis
[09:12:39] [Client thread/INFO]: Stopping!
